<?xml version="1.0" encoding="UTF-8"?>
<coverage generated="1502107559095" clover="3.2.0">
  <project timestamp="1502107559096" name="All files">
    <metrics statements="38" coveredstatements="23" conditionals="30" coveredconditionals="13" methods="7" coveredmethods="4" elements="75" coveredelements="40" complexity="0" loc="38" ncloc="38" packages="1" files="1" classes="1">
      <file name="index.js" path="/home/earthdan/code/eyezon/github.com/flat2hier-graphql/index.js">
        <metrics statements="38" coveredstatements="23" conditionals="30" coveredconditionals="13" methods="7" coveredmethods="4"/>
        <line num="2" count="1" type="stmt"/>
        <line num="3" count="1" type="stmt"/>
        <line num="4" count="1" type="stmt"/>
        <line num="5" count="1" type="stmt"/>
        <line num="6" count="25" type="stmt"/>
        <line num="7" count="25" type="stmt"/>
        <line num="8" count="25" type="stmt"/>
        <line num="9" count="25" type="stmt"/>
        <line num="10" count="103" type="stmt"/>
        <line num="12" count="103" type="cond" truecount="2" falsecount="0"/>
        <line num="13" count="55" type="stmt"/>
        <line num="16" count="103" type="cond" truecount="2" falsecount="0"/>
        <line num="17" count="55" type="cond" truecount="2" falsecount="0"/>
        <line num="19" count="48" type="cond" truecount="2" falsecount="0"/>
        <line num="22" count="103" type="cond" truecount="2" falsecount="0"/>
        <line num="23" count="25" type="stmt"/>
        <line num="25" count="78" type="cond" truecount="2" falsecount="0"/>
        <line num="26" count="55" type="stmt"/>
        <line num="28" count="23" type="stmt"/>
        <line num="34" count="1" type="cond" truecount="1" falsecount="1"/>
        <line num="35" count="1" type="stmt"/>
        <line num="37" count="0" type="stmt"/>
        <line num="38" count="0" type="cond" truecount="0" falsecount="5"/>
        <line num="39" count="0" type="stmt"/>
        <line num="42" count="0" type="stmt"/>
        <line num="43" count="0" type="cond" truecount="0" falsecount="2"/>
        <line num="44" count="0" type="stmt"/>
        <line num="45" count="0" type="stmt"/>
        <line num="46" count="0" type="cond" truecount="0" falsecount="2"/>
        <line num="48" count="0" type="cond" truecount="0" falsecount="2"/>
        <line num="49" count="0" type="stmt"/>
        <line num="50" count="0" type="stmt"/>
        <line num="52" count="0" type="cond" truecount="0" falsecount="5"/>
        <line num="53" count="0" type="stmt"/>
        <line num="57" count="0" type="stmt"/>
        <line num="60" count="0" type="stmt"/>
        <line num="63" count="1" type="stmt"/>
        <line num="66" count="1" type="stmt"/>
      </file>
    </metrics>
  </project>
</coverage>
