{"/home/earthdan/code/eyezon/github.com/flat2hier-graphql/index.js": {"path":"/home/earthdan/code/eyezon/github.com/flat2hier-graphql/index.js","statementMap":{"0":{"start":{"line":2,"column":16},"end":{"line":2,"column":20}},"1":{"start":{"line":3,"column":2},"end":{"line":62,"column":4}},"2":{"start":{"line":4,"column":18},"end":{"line":4,"column":20}},"3":{"start":{"line":5,"column":4},"end":{"line":32,"column":6}},"4":{"start":{"line":6,"column":21},"end":{"line":6,"column":35}},"5":{"start":{"line":7,"column":16},"end":{"line":7,"column":24}},"6":{"start":{"line":8,"column":20},"end":{"line":8,"column":27}},"7":{"start":{"line":9,"column":6},"end":{"line":31,"column":8}},"8":{"start":{"line":10,"column":25},"end":{"line":10,"column":30}},"9":{"start":{"line":12,"column":8},"end":{"line":14,"column":9}},"10":{"start":{"line":13,"column":10},"end":{"line":13,"column":27}},"11":{"start":{"line":16,"column":8},"end":{"line":20,"column":9}},"12":{"start":{"line":17,"column":10},"end":{"line":17,"column":49}},"13":{"start":{"line":19,"column":10},"end":{"line":19,"column":47}},"14":{"start":{"line":22,"column":8},"end":{"line":30,"column":9}},"15":{"start":{"line":23,"column":10},"end":{"line":23,"column":30}},"16":{"start":{"line":25,"column":10},"end":{"line":29,"column":11}},"17":{"start":{"line":26,"column":12},"end":{"line":26,"column":63}},"18":{"start":{"line":28,"column":12},"end":{"line":28,"column":36}},"19":{"start":{"line":34,"column":4},"end":{"line":61,"column":5}},"20":{"start":{"line":35,"column":6},"end":{"line":35,"column":23}},"21":{"start":{"line":37,"column":18},"end":{"line":58,"column":7}},"22":{"start":{"line":38,"column":8},"end":{"line":40,"column":9}},"23":{"start":{"line":39,"column":10},"end":{"line":39,"column":21}},"24":{"start":{"line":42,"column":8},"end":{"line":55,"column":10}},"25":{"start":{"line":43,"column":10},"end":{"line":54,"column":11}},"26":{"start":{"line":44,"column":27},"end":{"line":44,"column":31}},"27":{"start":{"line":45,"column":12},"end":{"line":47,"column":14}},"28":{"start":{"line":46,"column":14},"end":{"line":46,"column":79}},"29":{"start":{"line":48,"column":12},"end":{"line":51,"column":13}},"30":{"start":{"line":49,"column":14},"end":{"line":49,"column":48}},"31":{"start":{"line":50,"column":14},"end":{"line":50,"column":26}},"32":{"start":{"line":52,"column":17},"end":{"line":54,"column":11}},"33":{"start":{"line":53,"column":12},"end":{"line":53,"column":54}},"34":{"start":{"line":57,"column":8},"end":{"line":57,"column":20}},"35":{"start":{"line":60,"column":6},"end":{"line":60,"column":35}},"36":{"start":{"line":63,"column":2},"end":{"line":63,"column":16}},"37":{"start":{"line":66,"column":0},"end":{"line":66,"column":27}}},"fnMap":{"0":{"name":"rowsToObjs","decl":{"start":{"line":1,"column":9},"end":{"line":1,"column":19}},"loc":{"start":{"line":1,"column":27},"end":{"line":64,"column":1}},"line":1},"1":{"name":"(anonymous_1)","decl":{"start":{"line":3,"column":15},"end":{"line":3,"column":16}},"loc":{"start":{"line":3,"column":24},"end":{"line":62,"column":3}},"line":3},"2":{"name":"(anonymous_2)","decl":{"start":{"line":5,"column":29},"end":{"line":5,"column":30}},"loc":{"start":{"line":5,"column":36},"end":{"line":32,"column":5}},"line":5},"3":{"name":"(anonymous_3)","decl":{"start":{"line":9,"column":23},"end":{"line":9,"column":24}},"loc":{"start":{"line":9,"column":39},"end":{"line":31,"column":7}},"line":9},"4":{"name":"(anonymous_4)","decl":{"start":{"line":37,"column":18},"end":{"line":37,"column":19}},"loc":{"start":{"line":37,"column":49},"end":{"line":58,"column":7}},"line":37},"5":{"name":"(anonymous_5)","decl":{"start":{"line":42,"column":34},"end":{"line":42,"column":35}},"loc":{"start":{"line":42,"column":46},"end":{"line":55,"column":9}},"line":42},"6":{"name":"(anonymous_6)","decl":{"start":{"line":45,"column":30},"end":{"line":45,"column":31}},"loc":{"start":{"line":45,"column":43},"end":{"line":47,"column":13}},"line":45}},"branchMap":{"0":{"loc":{"start":{"line":12,"column":8},"end":{"line":14,"column":9}},"type":"if","locations":[{"start":{"line":12,"column":8},"end":{"line":14,"column":9}},{"start":{"line":12,"column":8},"end":{"line":14,"column":9}}],"line":12},"1":{"loc":{"start":{"line":16,"column":8},"end":{"line":20,"column":9}},"type":"if","locations":[{"start":{"line":16,"column":8},"end":{"line":20,"column":9}},{"start":{"line":16,"column":8},"end":{"line":20,"column":9}}],"line":16},"2":{"loc":{"start":{"line":17,"column":27},"end":{"line":17,"column":49}},"type":"binary-expr","locations":[{"start":{"line":17,"column":27},"end":{"line":17,"column":41}},{"start":{"line":17,"column":45},"end":{"line":17,"column":49}}],"line":17},"3":{"loc":{"start":{"line":19,"column":27},"end":{"line":19,"column":47}},"type":"binary-expr","locations":[{"start":{"line":19,"column":27},"end":{"line":19,"column":41}},{"start":{"line":19,"column":45},"end":{"line":19,"column":47}}],"line":19},"4":{"loc":{"start":{"line":22,"column":8},"end":{"line":30,"column":9}},"type":"if","locations":[{"start":{"line":22,"column":8},"end":{"line":30,"column":9}},{"start":{"line":22,"column":8},"end":{"line":30,"column":9}}],"line":22},"5":{"loc":{"start":{"line":25,"column":10},"end":{"line":29,"column":11}},"type":"if","locations":[{"start":{"line":25,"column":10},"end":{"line":29,"column":11}},{"start":{"line":25,"column":10},"end":{"line":29,"column":11}}],"line":25},"6":{"loc":{"start":{"line":34,"column":4},"end":{"line":61,"column":5}},"type":"if","locations":[{"start":{"line":34,"column":4},"end":{"line":61,"column":5}},{"start":{"line":34,"column":4},"end":{"line":61,"column":5}}],"line":34},"7":{"loc":{"start":{"line":38,"column":8},"end":{"line":40,"column":9}},"type":"if","locations":[{"start":{"line":38,"column":8},"end":{"line":40,"column":9}},{"start":{"line":38,"column":8},"end":{"line":40,"column":9}}],"line":38},"8":{"loc":{"start":{"line":38,"column":12},"end":{"line":38,"column":67}},"type":"binary-expr","locations":[{"start":{"line":38,"column":12},"end":{"line":38,"column":27}},{"start":{"line":38,"column":31},"end":{"line":38,"column":38}},{"start":{"line":38,"column":42},"end":{"line":38,"column":67}}],"line":38},"9":{"loc":{"start":{"line":43,"column":10},"end":{"line":54,"column":11}},"type":"if","locations":[{"start":{"line":43,"column":10},"end":{"line":54,"column":11}},{"start":{"line":43,"column":10},"end":{"line":54,"column":11}}],"line":43},"10":{"loc":{"start":{"line":46,"column":25},"end":{"line":46,"column":79}},"type":"binary-expr","locations":[{"start":{"line":46,"column":25},"end":{"line":46,"column":33}},{"start":{"line":46,"column":37},"end":{"line":46,"column":79}}],"line":46},"11":{"loc":{"start":{"line":48,"column":12},"end":{"line":51,"column":13}},"type":"if","locations":[{"start":{"line":48,"column":12},"end":{"line":51,"column":13}},{"start":{"line":48,"column":12},"end":{"line":51,"column":13}}],"line":48},"12":{"loc":{"start":{"line":52,"column":17},"end":{"line":54,"column":11}},"type":"if","locations":[{"start":{"line":52,"column":17},"end":{"line":54,"column":11}},{"start":{"line":52,"column":17},"end":{"line":54,"column":11}}],"line":52},"13":{"loc":{"start":{"line":52,"column":21},"end":{"line":52,"column":102}},"type":"binary-expr","locations":[{"start":{"line":52,"column":21},"end":{"line":52,"column":38}},{"start":{"line":52,"column":42},"end":{"line":52,"column":71}},{"start":{"line":52,"column":75},"end":{"line":52,"column":102}}],"line":52}},"s":{"0":1,"1":1,"2":1,"3":1,"4":25,"5":25,"6":25,"7":25,"8":103,"9":103,"10":55,"11":103,"12":55,"13":48,"14":103,"15":25,"16":78,"17":55,"18":23,"19":1,"20":1,"21":0,"22":0,"23":0,"24":0,"25":0,"26":0,"27":0,"28":0,"29":0,"30":0,"31":0,"32":0,"33":0,"34":0,"35":0,"36":1,"37":1},"f":{"0":1,"1":1,"2":25,"3":103,"4":0,"5":0,"6":0},"b":{"0":[55,48],"1":[55,48],"2":[55,4],"3":[48,31],"4":[25,78],"5":[55,23],"6":[1,0],"7":[0,0],"8":[0,0,0],"9":[0,0],"10":[0,0],"11":[0,0],"12":[0,0],"13":[0,0,0]},"_coverageSchema":"332fd63041d2c1bcb487cc26dd0d5f7d97098a6c","hash":"b5e66996da0bf2d39b24e4ec77c9e4f0dcef005e"}
}
