TN:
SF:/home/earthdan/code/eyezon/github.com/flat2hier-graphql/index.js
FN:1,rowsToObjs
FN:3,(anonymous_1)
FN:5,(anonymous_2)
FN:9,(anonymous_3)
FN:37,(anonymous_4)
FN:42,(anonymous_5)
FN:45,(anonymous_6)
FNF:7
FNH:4
FNDA:1,rowsToObjs
FNDA:1,(anonymous_1)
FNDA:25,(anonymous_2)
FNDA:103,(anonymous_3)
FNDA:0,(anonymous_4)
FNDA:0,(anonymous_5)
FNDA:0,(anonymous_6)
DA:2,1
DA:3,1
DA:4,1
DA:5,1
DA:6,25
DA:7,25
DA:8,25
DA:9,25
DA:10,103
DA:12,103
DA:13,55
DA:16,103
DA:17,55
DA:19,48
DA:22,103
DA:23,25
DA:25,78
DA:26,55
DA:28,23
DA:34,1
DA:35,1
DA:37,0
DA:38,0
DA:39,0
DA:42,0
DA:43,0
DA:44,0
DA:45,0
DA:46,0
DA:48,0
DA:49,0
DA:50,0
DA:52,0
DA:53,0
DA:57,0
DA:60,0
DA:63,1
DA:66,1
LF:38
LH:23
BRDA:12,0,0,55
BRDA:12,0,1,48
BRDA:16,1,0,55
BRDA:16,1,1,48
BRDA:17,2,0,55
BRDA:17,2,1,4
BRDA:19,3,0,48
BRDA:19,3,1,31
BRDA:22,4,0,25
BRDA:22,4,1,78
BRDA:25,5,0,55
BRDA:25,5,1,23
BRDA:34,6,0,1
BRDA:34,6,1,0
BRDA:38,7,0,0
BRDA:38,7,1,0
BRDA:38,8,0,0
BRDA:38,8,1,0
BRDA:38,8,2,0
BRDA:43,9,0,0
BRDA:43,9,1,0
BRDA:46,10,0,0
BRDA:46,10,1,0
BRDA:48,11,0,0
BRDA:48,11,1,0
BRDA:52,12,0,0
BRDA:52,12,1,0
BRDA:52,13,0,0
BRDA:52,13,1,0
BRDA:52,13,2,0
BRF:30
BRH:13
end_of_record
